This file contains any messages produced by compilers while
running configure, to aid debugging if configure makes a mistake.

It was created by configure, which was
generated by GNU Autoconf 2.68.  Invocation command line was

  $ ./configure 

## --------- ##
## Platform. ##
## --------- ##

hostname = hammerstein.local
uname -m = i386
uname -r = 9.8.0
uname -s = Darwin
uname -v = Darwin Kernel Version 9.8.0: Wed Jul 15 16:55:01 PDT 2009; root:xnu-1228.15.4~1/RELEASE_I386

/usr/bin/uname -p = i386
/bin/uname -X     = unknown

/bin/arch              = unknown
/usr/bin/arch -k       = unknown
/usr/convex/getsysinfo = unknown
/usr/bin/hostinfo      = Mach kernel version:
	 Darwin Kernel Version 9.8.0: Wed Jul 15 16:55:01 PDT 2009; root:xnu-1228.15.4~1/RELEASE_I386
Kernel configured for up to 2 processors.
2 processors are physically available.
2 processors are logically available.
Processor type: i486 (Intel 80486)
Processors active: 0 1
Primary memory available: 4.00 gigabytes
Default processor set: 146 tasks, 684 threads, 2 processors
Load average: 0.57, Mach factor: 1.42
/bin/machine           = unknown
/usr/bin/oslevel       = unknown
/bin/universe          = unknown

PATH: /Users/rpostill/bin
PATH: /opt/local/bin
PATH: /opt/local/sbin
PATH: /Users/rpostill/bin
PATH: /opt/local/bin
PATH: /opt/local/sbin
PATH: /usr/bin
PATH: /bin
PATH: /usr/sbin
PATH: /sbin
PATH: /usr/local/bin
PATH: /usr/X11/bin
PATH: /usr/local/maven/bin
PATH: /opt/local/lib/postgresql83/bin
PATH: /Users/rpostill/.gem/ruby/1.8/bin
PATH: /usr/local/maven/bin
PATH: /opt/local/lib/postgresql83/bin
PATH: /Users/rpostill/.gem/ruby/1.8/bin


## ----------- ##
## Core tests. ##
## ----------- ##

configure:2407: checking for a BSD-compatible install
configure:2475: result: /opt/local/bin/ginstall -c
configure:2486: checking whether build environment is sane
configure:2536: result: yes
configure:2677: checking for a thread-safe mkdir -p
configure:2716: result: /opt/local/bin/gmkdir -p
configure:2729: checking for gawk
configure:2745: found /opt/local/bin/gawk
configure:2756: result: gawk
configure:2767: checking whether make sets $(MAKE)
configure:2789: result: yes
configure:2917: checking for gcc
configure:2933: found /usr/bin/gcc
configure:2944: result: gcc
configure:3173: checking for C compiler version
configure:3182: gcc --version >&5
i686-apple-darwin9-gcc-4.0.1 (GCC) 4.0.1 (Apple Inc. build 5490)
Copyright (C) 2005 Free Software Foundation, Inc.
This is free software; see the source for copying conditions.  There is NO
warranty; not even for MERCHANTABILITY or FITNESS FOR A PARTICULAR PURPOSE.

configure:3193: $? = 0
configure:3182: gcc -v >&5
Using built-in specs.
Target: i686-apple-darwin9
Configured with: /var/tmp/gcc/gcc-5490~1/src/configure --disable-checking -enable-werror --prefix=/usr --mandir=/share/man --enable-languages=c,objc,c++,obj-c++ --program-transform-name=/^[cg][^.-]*$/s/$/-4.0/ --with-gxx-include-dir=/include/c++/4.0.0 --with-slibdir=/usr/lib --build=i686-apple-darwin9 --with-arch=apple --with-tune=generic --host=i686-apple-darwin9 --target=i686-apple-darwin9
Thread model: posix
gcc version 4.0.1 (Apple Inc. build 5490)
configure:3193: $? = 0
configure:3182: gcc -V >&5
gcc-4.0: argument to `-V' is missing
configure:3193: $? = 1
configure:3182: gcc -qversion >&5
i686-apple-darwin9-gcc-4.0.1: no input files
configure:3193: $? = 1
configure:3213: checking whether the C compiler works
configure:3235: gcc    conftest.c  >&5
configure:3239: $? = 0
configure:3287: result: yes
configure:3290: checking for C compiler default output file name
configure:3292: result: a.out
configure:3298: checking for suffix of executables
configure:3305: gcc -o conftest    conftest.c  >&5
configure:3309: $? = 0
configure:3331: result: 
configure:3353: checking whether we are cross compiling
configure:3361: gcc -o conftest    conftest.c  >&5
configure:3365: $? = 0
configure:3372: ./conftest
configure:3376: $? = 0
configure:3391: result: no
configure:3396: checking for suffix of object files
configure:3418: gcc -c   conftest.c >&5
configure:3422: $? = 0
configure:3443: result: o
configure:3447: checking whether we are using the GNU C compiler
configure:3466: gcc -c   conftest.c >&5
configure:3466: $? = 0
configure:3475: result: yes
configure:3484: checking whether gcc accepts -g
configure:3504: gcc -c -g  conftest.c >&5
configure:3504: $? = 0
configure:3545: result: yes
configure:3562: checking for gcc option to accept ISO C89
configure:3626: gcc  -c -g -O2  conftest.c >&5
configure:3626: $? = 0
configure:3639: result: none needed
configure:3670: checking for style of include used by make
configure:3698: result: GNU
configure:3723: checking dependency style of gcc
configure:3833: result: gcc3
configure:3852: checking for strerror
configure:3852: gcc -o conftest -g -O2   conftest.c  >&5
configure:3852: $? = 0
configure:3852: result: yes
configure:3866: checking how to run the C preprocessor
configure:3897: gcc -E  conftest.c
configure:3897: $? = 0
configure:3911: gcc -E  conftest.c
conftest.c:12:28: error: ac_nonexistent.h: No such file or directory
configure:3911: $? = 1
configure: failed program was:
| /* confdefs.h */
| #define PACKAGE_NAME ""
| #define PACKAGE_TARNAME ""
| #define PACKAGE_VERSION ""
| #define PACKAGE_STRING ""
| #define PACKAGE_BUGREPORT ""
| #define PACKAGE_URL ""
| #define PACKAGE "libcsv"
| #define VERSION "3.0.1"
| #define HAVE_STRERROR 1
| /* end confdefs.h.  */
| #include <ac_nonexistent.h>
configure:3936: result: gcc -E
configure:3956: gcc -E  conftest.c
configure:3956: $? = 0
configure:3970: gcc -E  conftest.c
conftest.c:12:28: error: ac_nonexistent.h: No such file or directory
configure:3970: $? = 1
configure: failed program was:
| /* confdefs.h */
| #define PACKAGE_NAME ""
| #define PACKAGE_TARNAME ""
| #define PACKAGE_VERSION ""
| #define PACKAGE_STRING ""
| #define PACKAGE_BUGREPORT ""
| #define PACKAGE_URL ""
| #define PACKAGE "libcsv"
| #define VERSION "3.0.1"
| #define HAVE_STRERROR 1
| /* end confdefs.h.  */
| #include <ac_nonexistent.h>
configure:3999: checking for grep that handles long lines and -e
configure:4057: result: /usr/bin/grep
configure:4062: checking for egrep
configure:4124: result: /usr/bin/grep -E
configure:4129: checking for ANSI C header files
configure:4149: gcc -c -g -O2  conftest.c >&5
configure:4149: $? = 0
configure:4222: gcc -o conftest -g -O2   conftest.c  >&5
configure:4222: $? = 0
configure:4222: ./conftest
configure:4222: $? = 0
configure:4233: result: yes
configure:4246: checking for sys/types.h
configure:4246: gcc -c -g -O2  conftest.c >&5
configure:4246: $? = 0
configure:4246: result: yes
configure:4246: checking for sys/stat.h
configure:4246: gcc -c -g -O2  conftest.c >&5
configure:4246: $? = 0
configure:4246: result: yes
configure:4246: checking for stdlib.h
configure:4246: gcc -c -g -O2  conftest.c >&5
configure:4246: $? = 0
configure:4246: result: yes
configure:4246: checking for string.h
configure:4246: gcc -c -g -O2  conftest.c >&5
configure:4246: $? = 0
configure:4246: result: yes
configure:4246: checking for memory.h
configure:4246: gcc -c -g -O2  conftest.c >&5
configure:4246: $? = 0
configure:4246: result: yes
configure:4246: checking for strings.h
configure:4246: gcc -c -g -O2  conftest.c >&5
configure:4246: $? = 0
configure:4246: result: yes
configure:4246: checking for inttypes.h
configure:4246: gcc -c -g -O2  conftest.c >&5
configure:4246: $? = 0
configure:4246: result: yes
configure:4246: checking for stdint.h
configure:4246: gcc -c -g -O2  conftest.c >&5
configure:4246: $? = 0
configure:4246: result: yes
configure:4246: checking for unistd.h
configure:4246: gcc -c -g -O2  conftest.c >&5
configure:4246: $? = 0
configure:4246: result: yes
configure:4260: checking for stdlib.h
configure:4260: result: yes
configure:4270: checking for GNU libc compatible malloc
configure:4294: gcc -o conftest -g -O2   conftest.c  >&5
configure:4294: $? = 0
configure:4294: ./conftest
configure:4294: $? = 0
configure:4304: result: yes
configure:4368: checking for ranlib
configure:4384: found /usr/bin/ranlib
configure:4395: result: ranlib
configure:4475: checking for g++
configure:4491: found /usr/bin/g++
configure:4502: result: g++
configure:4529: checking for C++ compiler version
configure:4538: g++ --version >&5
i686-apple-darwin9-g++-4.0.1 (GCC) 4.0.1 (Apple Inc. build 5490)
Copyright (C) 2005 Free Software Foundation, Inc.
This is free software; see the source for copying conditions.  There is NO
warranty; not even for MERCHANTABILITY or FITNESS FOR A PARTICULAR PURPOSE.

configure:4549: $? = 0
configure:4538: g++ -v >&5
Using built-in specs.
Target: i686-apple-darwin9
Configured with: /var/tmp/gcc/gcc-5490~1/src/configure --disable-checking -enable-werror --prefix=/usr --mandir=/share/man --enable-languages=c,objc,c++,obj-c++ --program-transform-name=/^[cg][^.-]*$/s/$/-4.0/ --with-gxx-include-dir=/include/c++/4.0.0 --with-slibdir=/usr/lib --build=i686-apple-darwin9 --with-arch=apple --with-tune=generic --host=i686-apple-darwin9 --target=i686-apple-darwin9
Thread model: posix
gcc version 4.0.1 (Apple Inc. build 5490)
configure:4549: $? = 0
configure:4538: g++ -V >&5
g++-4.0: argument to `-V' is missing
configure:4549: $? = 1
configure:4538: g++ -qversion >&5
i686-apple-darwin9-g++-4.0.1: no input files
configure:4549: $? = 1
configure:4553: checking whether we are using the GNU C++ compiler
configure:4572: g++ -c   conftest.cpp >&5
configure:4572: $? = 0
configure:4581: result: yes
configure:4590: checking whether g++ accepts -g
configure:4610: g++ -c -g  conftest.cpp >&5
configure:4610: $? = 0
configure:4651: result: yes
configure:4676: checking dependency style of g++
configure:4786: result: gcc3
configure:4830: checking build system type
configure:4844: result: i386-apple-darwin9.8.0
configure:4864: checking host system type
configure:4877: result: i386-apple-darwin9.8.0
configure:4918: checking how to print strings
configure:4945: result: printf
configure:4966: checking for a sed that does not truncate output
configure:5030: result: /opt/local/bin/gsed
configure:5048: checking for fgrep
configure:5110: result: /usr/bin/grep -F
configure:5145: checking for ld used by gcc
configure:5212: result: /usr/libexec/gcc/i686-apple-darwin9/4.0.1/ld
configure:5219: checking if the linker (/usr/libexec/gcc/i686-apple-darwin9/4.0.1/ld) is GNU ld
configure:5234: result: no
configure:5246: checking for BSD- or MS-compatible name lister (nm)
configure:5295: result: /usr/bin/nm -p
configure:5425: checking the name lister (/usr/bin/nm -p) interface
configure:5432: gcc -c -g -O2  conftest.c >&5
configure:5435: /usr/bin/nm -p "conftest.o"
configure:5438: output
00000164 D _some_variable
configure:5445: result: BSD nm
configure:5448: checking whether ln -s works
configure:5452: result: yes
configure:5460: checking the maximum length of command line arguments
configure:5585: result: 196608
configure:5602: checking whether the shell understands some XSI constructs
configure:5612: result: yes
configure:5616: checking whether the shell understands "+="
configure:5622: result: yes
configure:5657: checking how to convert i386-apple-darwin9.8.0 file names to i386-apple-darwin9.8.0 format
configure:5697: result: func_convert_file_noop
configure:5704: checking how to convert i386-apple-darwin9.8.0 file names to toolchain format
configure:5724: result: func_convert_file_noop
configure:5731: checking for /usr/libexec/gcc/i686-apple-darwin9/4.0.1/ld option to reload object files
configure:5738: result: -r
configure:5812: checking for objdump
configure:5842: result: no
configure:5871: checking how to recognize dependent libraries
configure:6073: result: pass_all
configure:6158: checking for dlltool
configure:6188: result: no
configure:6218: checking how to associate runtime and link libraries
configure:6245: result: printf %s\n
configure:6305: checking for ar
configure:6321: found /usr/bin/ar
configure:6332: result: ar
configure:6369: checking for archiver @FILE support
configure:6386: gcc -c -g -O2  conftest.c >&5
configure:6386: $? = 0
configure:6389: ar cru libconftest.a @conftest.lst >&5
ar: @conftest.lst: No such file or directory
configure:6392: $? = 1
configure:6412: result: no
configure:6470: checking for strip
configure:6486: found /usr/bin/strip
configure:6497: result: strip
configure:6569: checking for ranlib
configure:6596: result: ranlib
configure:6698: checking command to parse /usr/bin/nm -p output from gcc object
configure:6817: gcc -c -g -O2  conftest.c >&5
configure:6820: $? = 0
configure:6824: /usr/bin/nm -p conftest.o \| sed -n -e 's/^.*[ ]\([BCDEGRST][BCDEGRST]*\)[ ][ ]*\([_A-Za-z][_A-Za-z0-9]*\)$/\1 \2 \2/p' | sed '/ __gnu_lto/d' \> conftest.nm
configure:6827: $? = 0
cannot find nm_test_var in conftest.nm
configure:6817: gcc -c -g -O2  conftest.c >&5
configure:6820: $? = 0
configure:6824: /usr/bin/nm -p conftest.o \| sed -n -e 's/^.*[ ]\([BCDEGRST][BCDEGRST]*\)[ ][ ]*_\([_A-Za-z][_A-Za-z0-9]*\)$/\1 _\2 \2/p' | sed '/ __gnu_lto/d' \> conftest.nm
configure:6827: $? = 0
configure:6893: gcc -o conftest -g -O2   conftest.c conftstm.o >&5
configure:6896: $? = 0
configure:6934: result: ok
configure:6971: checking for sysroot
configure:7001: result: no
configure:7244: checking for mt
configure:7274: result: no
configure:7294: checking if : is a manifest tool
configure:7300: : '-?'
configure:7308: result: no
configure:7364: checking for dsymutil
configure:7380: found /usr/bin/dsymutil
configure:7391: result: dsymutil
configure:7456: checking for nmedit
configure:7472: found /usr/bin/nmedit
configure:7483: result: nmedit
configure:7548: checking for lipo
configure:7564: found /usr/bin/lipo
configure:7575: result: lipo
configure:7640: checking for otool
configure:7656: found /usr/bin/otool
configure:7667: result: otool
configure:7732: checking for otool64
configure:7762: result: no
configure:7807: checking for -single_module linker flag
gcc -g -O2  -o libconftest.dylib -dynamiclib -Wl,-single_module conftest.c
configure:7834: result: yes
configure:7836: checking for -exported_symbols_list linker flag
configure:7856: gcc -o conftest -g -O2   -Wl,-exported_symbols_list,conftest.sym conftest.c  >&5
configure:7856: $? = 0
configure:7866: result: yes
configure:7868: checking for -force_load linker flag
gcc -g -O2 -c -o conftest.o conftest.c
ar cru libconftest.a conftest.o
ranlib libconftest.a
gcc -g -O2  -o conftest conftest.c -Wl,-force_load,./libconftest.a
ld: unknown option: -force_load
collect2: ld returned 1 exit status
configure:7898: result: no
configure:7937: checking for dlfcn.h
configure:7937: gcc -c -g -O2  conftest.c >&5
configure:7937: $? = 0
configure:7937: result: yes
configure:8135: checking for objdir
configure:8150: result: .libs
configure:8417: checking if gcc supports -fno-rtti -fno-exceptions
configure:8435: gcc -c -g -O2  -fno-rtti -fno-exceptions conftest.c >&5
cc1: warning: command line option "-fno-rtti" is valid for C++/ObjC++ but not for C
configure:8439: $? = 0
configure:8452: result: no
configure:8762: checking for gcc option to produce PIC
configure:8769: result: -fno-common -DPIC
configure:8777: checking if gcc PIC flag -fno-common -DPIC works
configure:8795: gcc -c -g -O2  -fno-common -DPIC -DPIC conftest.c >&5
configure:8799: $? = 0
configure:8812: result: yes
configure:8841: checking if gcc static flag -static works
configure:8869: result: no
configure:8884: checking if gcc supports -c -o file.o
configure:8905: gcc -c -g -O2  -o out/conftest2.o conftest.c >&5
configure:8909: $? = 0
configure:8931: result: yes
configure:8939: checking if gcc supports -c -o file.o
configure:8986: result: yes
configure:9019: checking whether the gcc linker (/usr/libexec/gcc/i686-apple-darwin9/4.0.1/ld) supports shared libraries
configure:10177: result: yes
configure:10422: checking dynamic linker characteristics
configure:11158: result: darwin9.8.0 dyld
configure:11265: checking how to hardcode library paths into programs
configure:11290: result: immediate
configure:11830: checking whether stripping libraries is possible
configure:11844: result: yes
configure:11870: checking if libtool supports shared libraries
configure:11872: result: yes
configure:11875: checking whether to build shared libraries
configure:11896: result: yes
configure:11899: checking whether to build static libraries
configure:11903: result: yes
configure:11926: checking how to run the C++ preprocessor
configure:11953: g++ -E  conftest.cpp
configure:11953: $? = 0
configure:11967: g++ -E  conftest.cpp
conftest.cpp:26:28: error: ac_nonexistent.h: No such file or directory
configure:11967: $? = 1
configure: failed program was:
| /* confdefs.h */
| #define PACKAGE_NAME ""
| #define PACKAGE_TARNAME ""
| #define PACKAGE_VERSION ""
| #define PACKAGE_STRING ""
| #define PACKAGE_BUGREPORT ""
| #define PACKAGE_URL ""
| #define PACKAGE "libcsv"
| #define VERSION "3.0.1"
| #define HAVE_STRERROR 1
| #define STDC_HEADERS 1
| #define HAVE_SYS_TYPES_H 1
| #define HAVE_SYS_STAT_H 1
| #define HAVE_STDLIB_H 1
| #define HAVE_STRING_H 1
| #define HAVE_MEMORY_H 1
| #define HAVE_STRINGS_H 1
| #define HAVE_INTTYPES_H 1
| #define HAVE_STDINT_H 1
| #define HAVE_UNISTD_H 1
| #define HAVE_STDLIB_H 1
| #define HAVE_MALLOC 1
| #define HAVE_DLFCN_H 1
| #define LT_OBJDIR ".libs/"
| /* end confdefs.h.  */
| #include <ac_nonexistent.h>
configure:11992: result: g++ -E
configure:12012: g++ -E  conftest.cpp
configure:12012: $? = 0
configure:12026: g++ -E  conftest.cpp
conftest.cpp:26:28: error: ac_nonexistent.h: No such file or directory
configure:12026: $? = 1
configure: failed program was:
| /* confdefs.h */
| #define PACKAGE_NAME ""
| #define PACKAGE_TARNAME ""
| #define PACKAGE_VERSION ""
| #define PACKAGE_STRING ""
| #define PACKAGE_BUGREPORT ""
| #define PACKAGE_URL ""
| #define PACKAGE "libcsv"
| #define VERSION "3.0.1"
| #define HAVE_STRERROR 1
| #define STDC_HEADERS 1
| #define HAVE_SYS_TYPES_H 1
| #define HAVE_SYS_STAT_H 1
| #define HAVE_STDLIB_H 1
| #define HAVE_STRING_H 1
| #define HAVE_MEMORY_H 1
| #define HAVE_STRINGS_H 1
| #define HAVE_INTTYPES_H 1
| #define HAVE_STDINT_H 1
| #define HAVE_UNISTD_H 1
| #define HAVE_STDLIB_H 1
| #define HAVE_MALLOC 1
| #define HAVE_DLFCN_H 1
| #define LT_OBJDIR ".libs/"
| /* end confdefs.h.  */
| #include <ac_nonexistent.h>
configure:12196: checking for ld used by g++
configure:12263: result: /usr/libexec/gcc/i686-apple-darwin9/4.0.1/ld
configure:12270: checking if the linker (/usr/libexec/gcc/i686-apple-darwin9/4.0.1/ld) is GNU ld
configure:12285: result: no
configure:12340: checking whether the g++ linker (/usr/libexec/gcc/i686-apple-darwin9/4.0.1/ld) supports shared libraries
configure:13344: result: yes
configure:13379: g++ -c -g -O2  conftest.cpp >&5
configure:13382: $? = 0
configure:13902: checking for g++ option to produce PIC
configure:13909: result: -fno-common -DPIC
configure:13917: checking if g++ PIC flag -fno-common -DPIC works
configure:13935: g++ -c -g -O2  -fno-common -DPIC -DPIC conftest.cpp >&5
configure:13939: $? = 0
configure:13952: result: yes
configure:13975: checking if g++ static flag -static works
configure:14003: result: no
configure:14015: checking if g++ supports -c -o file.o
configure:14036: g++ -c -g -O2  -o out/conftest2.o conftest.cpp >&5
configure:14040: $? = 0
configure:14062: result: yes
configure:14067: checking if g++ supports -c -o file.o
configure:14114: result: yes
configure:14144: checking whether the g++ linker (/usr/libexec/gcc/i686-apple-darwin9/4.0.1/ld) supports shared libraries
configure:14178: result: yes
configure:14321: checking dynamic linker characteristics
configure:14991: result: darwin9.8.0 dyld
configure:15044: checking how to hardcode library paths into programs
configure:15069: result: immediate
configure:15128: checking for size_t
configure:15128: gcc -c -g -O2  conftest.c >&5
configure:15128: $? = 0
configure:15128: gcc -c -g -O2  conftest.c >&5
conftest.c: In function 'main':
conftest.c:62: error: syntax error before ')' token
configure:15128: $? = 1
configure: failed program was:
| /* confdefs.h */
| #define PACKAGE_NAME ""
| #define PACKAGE_TARNAME ""
| #define PACKAGE_VERSION ""
| #define PACKAGE_STRING ""
| #define PACKAGE_BUGREPORT ""
| #define PACKAGE_URL ""
| #define PACKAGE "libcsv"
| #define VERSION "3.0.1"
| #define HAVE_STRERROR 1
| #define STDC_HEADERS 1
| #define HAVE_SYS_TYPES_H 1
| #define HAVE_SYS_STAT_H 1
| #define HAVE_STDLIB_H 1
| #define HAVE_STRING_H 1
| #define HAVE_MEMORY_H 1
| #define HAVE_STRINGS_H 1
| #define HAVE_INTTYPES_H 1
| #define HAVE_STDINT_H 1
| #define HAVE_UNISTD_H 1
| #define HAVE_STDLIB_H 1
| #define HAVE_MALLOC 1
| #define HAVE_DLFCN_H 1
| #define LT_OBJDIR ".libs/"
| /* end confdefs.h.  */
| #include <stdio.h>
| #ifdef HAVE_SYS_TYPES_H
| # include <sys/types.h>
| #endif
| #ifdef HAVE_SYS_STAT_H
| # include <sys/stat.h>
| #endif
| #ifdef STDC_HEADERS
| # include <stdlib.h>
| # include <stddef.h>
| #else
| # ifdef HAVE_STDLIB_H
| #  include <stdlib.h>
| # endif
| #endif
| #ifdef HAVE_STRING_H
| # if !defined STDC_HEADERS && defined HAVE_MEMORY_H
| #  include <memory.h>
| # endif
| # include <string.h>
| #endif
| #ifdef HAVE_STRINGS_H
| # include <strings.h>
| #endif
| #ifdef HAVE_INTTYPES_H
| # include <inttypes.h>
| #endif
| #ifdef HAVE_STDINT_H
| # include <stdint.h>
| #endif
| #ifdef HAVE_UNISTD_H
| # include <unistd.h>
| #endif
| int
| main ()
| {
| if (sizeof ((size_t)))
| 	    return 0;
|   ;
|   return 0;
| }
configure:15128: result: yes
configure:15311: creating ./config.status

## ---------------------- ##
## Running config.status. ##
## ---------------------- ##

This file was extended by config.status, which was
generated by GNU Autoconf 2.68.  Invocation command line was

  CONFIG_FILES    = 
  CONFIG_HEADERS  = 
  CONFIG_LINKS    = 
  CONFIG_COMMANDS = 
  $ ./config.status 

on hammerstein.local

config.status:1071: creating Makefile
config.status:1243: executing depfiles commands
config.status:1243: executing libtool commands

## ---------------- ##
## Cache variables. ##
## ---------------- ##

ac_cv_build=i386-apple-darwin9.8.0
ac_cv_c_compiler_gnu=yes
ac_cv_cxx_compiler_gnu=yes
ac_cv_env_CCC_set=
ac_cv_env_CCC_value=
ac_cv_env_CC_set=
ac_cv_env_CC_value=
ac_cv_env_CFLAGS_set=
ac_cv_env_CFLAGS_value=
ac_cv_env_CPPFLAGS_set=
ac_cv_env_CPPFLAGS_value=
ac_cv_env_CPP_set=
ac_cv_env_CPP_value=
ac_cv_env_CXXCPP_set=
ac_cv_env_CXXCPP_value=
ac_cv_env_CXXFLAGS_set=
ac_cv_env_CXXFLAGS_value=
ac_cv_env_CXX_set=
ac_cv_env_CXX_value=
ac_cv_env_LDFLAGS_set=
ac_cv_env_LDFLAGS_value=
ac_cv_env_LIBS_set=
ac_cv_env_LIBS_value=
ac_cv_env_build_alias_set=
ac_cv_env_build_alias_value=
ac_cv_env_host_alias_set=
ac_cv_env_host_alias_value=
ac_cv_env_target_alias_set=
ac_cv_env_target_alias_value=
ac_cv_func_malloc_0_nonnull=yes
ac_cv_func_strerror=yes
ac_cv_header_dlfcn_h=yes
ac_cv_header_inttypes_h=yes
ac_cv_header_memory_h=yes
ac_cv_header_stdc=yes
ac_cv_header_stdint_h=yes
ac_cv_header_stdlib_h=yes
ac_cv_header_string_h=yes
ac_cv_header_strings_h=yes
ac_cv_header_sys_stat_h=yes
ac_cv_header_sys_types_h=yes
ac_cv_header_unistd_h=yes
ac_cv_host=i386-apple-darwin9.8.0
ac_cv_objext=o
ac_cv_path_EGREP='/usr/bin/grep -E'
ac_cv_path_FGREP='/usr/bin/grep -F'
ac_cv_path_GREP=/usr/bin/grep
ac_cv_path_SED=/opt/local/bin/gsed
ac_cv_path_install='/opt/local/bin/ginstall -c'
ac_cv_path_mkdir=/opt/local/bin/gmkdir
ac_cv_prog_AWK=gawk
ac_cv_prog_CPP='gcc -E'
ac_cv_prog_CXXCPP='g++ -E'
ac_cv_prog_ac_ct_AR=ar
ac_cv_prog_ac_ct_CC=gcc
ac_cv_prog_ac_ct_CXX=g++
ac_cv_prog_ac_ct_DSYMUTIL=dsymutil
ac_cv_prog_ac_ct_LIPO=lipo
ac_cv_prog_ac_ct_NMEDIT=nmedit
ac_cv_prog_ac_ct_OTOOL=otool
ac_cv_prog_ac_ct_RANLIB=ranlib
ac_cv_prog_ac_ct_STRIP=strip
ac_cv_prog_cc_c89=
ac_cv_prog_cc_g=yes
ac_cv_prog_cxx_g=yes
ac_cv_prog_make_make_set=yes
ac_cv_type_size_t=yes
am_cv_CC_dependencies_compiler_type=gcc3
am_cv_CXX_dependencies_compiler_type=gcc3
lt_cv_apple_cc_single_mod=yes
lt_cv_ar_at_file=no
lt_cv_deplibs_check_method=pass_all
lt_cv_file_magic_cmd='$MAGIC_CMD'
lt_cv_file_magic_test_file=
lt_cv_ld_exported_symbols_list=yes
lt_cv_ld_force_load=no
lt_cv_ld_reload_flag=-r
lt_cv_nm_interface='BSD nm'
lt_cv_objdir=.libs
lt_cv_path_LD=/usr/libexec/gcc/i686-apple-darwin9/4.0.1/ld
lt_cv_path_LDCXX=/usr/libexec/gcc/i686-apple-darwin9/4.0.1/ld
lt_cv_path_NM='/usr/bin/nm -p'
lt_cv_path_mainfest_tool=no
lt_cv_prog_compiler_c_o=yes
lt_cv_prog_compiler_c_o_CXX=yes
lt_cv_prog_compiler_pic='-fno-common -DPIC'
lt_cv_prog_compiler_pic_CXX='-fno-common -DPIC'
lt_cv_prog_compiler_pic_works=yes
lt_cv_prog_compiler_pic_works_CXX=yes
lt_cv_prog_compiler_rtti_exceptions=no
lt_cv_prog_compiler_static_works=no
lt_cv_prog_compiler_static_works_CXX=no
lt_cv_prog_gnu_ld=no
lt_cv_prog_gnu_ldcxx=no
lt_cv_sharedlib_from_linklib_cmd='printf %s\n'
lt_cv_sys_global_symbol_pipe='sed -n -e '\''s/^.*[	 ]\([BCDEGRST][BCDEGRST]*\)[	 ][	 ]*_\([_A-Za-z][_A-Za-z0-9]*\)$/\1 _\2 \2/p'\'' | sed '\''/ __gnu_lto/d'\'''
lt_cv_sys_global_symbol_to_c_name_address='sed -n -e '\''s/^: \([^ ]*\)[ ]*$/  {\"\1\", (void *) 0},/p'\'' -e '\''s/^[BCDEGRST]* \([^ ]*\) \([^ ]*\)$/  {"\2", (void *) \&\2},/p'\'''
lt_cv_sys_global_symbol_to_c_name_address_lib_prefix='sed -n -e '\''s/^: \([^ ]*\)[ ]*$/  {\"\1\", (void *) 0},/p'\'' -e '\''s/^[BCDEGRST]* \([^ ]*\) \(lib[^ ]*\)$/  {"\2", (void *) \&\2},/p'\'' -e '\''s/^[BCDEGRST]* \([^ ]*\) \([^ ]*\)$/  {"lib\2", (void *) \&\2},/p'\'''
lt_cv_sys_global_symbol_to_cdecl='sed -n -e '\''s/^T .* \(.*\)$/extern int \1();/p'\'' -e '\''s/^[BCDEGRST]* .* \(.*\)$/extern char \1;/p'\'''
lt_cv_sys_max_cmd_len=196608
lt_cv_to_host_file_cmd=func_convert_file_noop
lt_cv_to_tool_file_cmd=func_convert_file_noop

## ----------------- ##
## Output variables. ##
## ----------------- ##

ACLOCAL='${SHELL} /Users/rpostill/software/libcsv/missing --run aclocal-1.11'
AMDEPBACKSLASH='\'
AMDEP_FALSE='#'
AMDEP_TRUE=''
AMTAR='${SHELL} /Users/rpostill/software/libcsv/missing --run tar'
AR='ar'
AUTOCONF='${SHELL} /Users/rpostill/software/libcsv/missing --run autoconf'
AUTOHEADER='${SHELL} /Users/rpostill/software/libcsv/missing --run autoheader'
AUTOMAKE='${SHELL} /Users/rpostill/software/libcsv/missing --run automake-1.11'
AWK='gawk'
CC='gcc'
CCDEPMODE='depmode=gcc3'
CFLAGS='-g -O2'
CPP='gcc -E'
CPPFLAGS=''
CXX='g++'
CXXCPP='g++ -E'
CXXDEPMODE='depmode=gcc3'
CXXFLAGS='-g -O2'
CYGPATH_W='echo'
DEFS='-DPACKAGE_NAME=\"\" -DPACKAGE_TARNAME=\"\" -DPACKAGE_VERSION=\"\" -DPACKAGE_STRING=\"\" -DPACKAGE_BUGREPORT=\"\" -DPACKAGE_URL=\"\" -DPACKAGE=\"libcsv\" -DVERSION=\"3.0.1\" -DHAVE_STRERROR=1 -DSTDC_HEADERS=1 -DHAVE_SYS_TYPES_H=1 -DHAVE_SYS_STAT_H=1 -DHAVE_STDLIB_H=1 -DHAVE_STRING_H=1 -DHAVE_MEMORY_H=1 -DHAVE_STRINGS_H=1 -DHAVE_INTTYPES_H=1 -DHAVE_STDINT_H=1 -DHAVE_UNISTD_H=1 -DHAVE_STDLIB_H=1 -DHAVE_MALLOC=1 -DHAVE_DLFCN_H=1 -DLT_OBJDIR=\".libs/\"'
DEPDIR='.deps'
DLLTOOL='false'
DSYMUTIL='dsymutil'
DUMPBIN=''
ECHO_C='\c'
ECHO_N=''
ECHO_T=''
EGREP='/usr/bin/grep -E'
EXEEXT=''
FGREP='/usr/bin/grep -F'
GREP='/usr/bin/grep'
INSTALL_DATA='${INSTALL} -m 644'
INSTALL_PROGRAM='${INSTALL}'
INSTALL_SCRIPT='${INSTALL}'
INSTALL_STRIP_PROGRAM='$(install_sh) -c -s'
LD='/usr/libexec/gcc/i686-apple-darwin9/4.0.1/ld'
LDFLAGS=''
LIBOBJS=''
LIBS=''
LIBTOOL='$(SHELL) $(top_builddir)/libtool'
LIPO='lipo'
LN_S='ln -s'
LTLIBOBJS=''
MAKEINFO='${SHELL} /Users/rpostill/software/libcsv/missing --run makeinfo'
MANIFEST_TOOL=':'
MKDIR_P='/opt/local/bin/gmkdir -p'
NM='/usr/bin/nm -p'
NMEDIT='nmedit'
OBJDUMP='false'
OBJEXT='o'
OTOOL64=':'
OTOOL='otool'
PACKAGE='libcsv'
PACKAGE_BUGREPORT=''
PACKAGE_NAME=''
PACKAGE_STRING=''
PACKAGE_TARNAME=''
PACKAGE_URL=''
PACKAGE_VERSION=''
PATH_SEPARATOR=':'
RANLIB='ranlib'
SED='/opt/local/bin/gsed'
SET_MAKE=''
SHELL='/bin/sh'
STRIP='strip'
VERSION='3.0.1'
ac_ct_AR='ar'
ac_ct_CC='gcc'
ac_ct_CXX='g++'
ac_ct_DUMPBIN=''
am__EXEEXT_FALSE=''
am__EXEEXT_TRUE='#'
am__fastdepCC_FALSE='#'
am__fastdepCC_TRUE=''
am__fastdepCXX_FALSE='#'
am__fastdepCXX_TRUE=''
am__include='include'
am__isrc=''
am__leading_dot='.'
am__quote=''
am__tar='${AMTAR} chof - "$$tardir"'
am__untar='${AMTAR} xf -'
bindir='${exec_prefix}/bin'
build='i386-apple-darwin9.8.0'
build_alias=''
build_cpu='i386'
build_os='darwin9.8.0'
build_vendor='apple'
datadir='${datarootdir}'
datarootdir='${prefix}/share'
docdir='${datarootdir}/doc/${PACKAGE}'
dvidir='${docdir}'
exec_prefix='${prefix}'
host='i386-apple-darwin9.8.0'
host_alias=''
host_cpu='i386'
host_os='darwin9.8.0'
host_vendor='apple'
htmldir='${docdir}'
includedir='${prefix}/include'
infodir='${datarootdir}/info'
install_sh='${SHELL} /Users/rpostill/software/libcsv/install-sh'
libdir='${exec_prefix}/lib'
libexecdir='${exec_prefix}/libexec'
localedir='${datarootdir}/locale'
localstatedir='${prefix}/var'
mandir='${datarootdir}/man'
mkdir_p='/opt/local/bin/gmkdir -p'
oldincludedir='/usr/include'
pdfdir='${docdir}'
prefix='/usr/local'
program_transform_name='s,x,x,'
psdir='${docdir}'
sbindir='${exec_prefix}/sbin'
sharedstatedir='${prefix}/com'
sysconfdir='${prefix}/etc'
target_alias=''

## ----------- ##
## confdefs.h. ##
## ----------- ##

/* confdefs.h */
#define PACKAGE_NAME ""
#define PACKAGE_TARNAME ""
#define PACKAGE_VERSION ""
#define PACKAGE_STRING ""
#define PACKAGE_BUGREPORT ""
#define PACKAGE_URL ""
#define PACKAGE "libcsv"
#define VERSION "3.0.1"
#define HAVE_STRERROR 1
#define STDC_HEADERS 1
#define HAVE_SYS_TYPES_H 1
#define HAVE_SYS_STAT_H 1
#define HAVE_STDLIB_H 1
#define HAVE_STRING_H 1
#define HAVE_MEMORY_H 1
#define HAVE_STRINGS_H 1
#define HAVE_INTTYPES_H 1
#define HAVE_STDINT_H 1
#define HAVE_UNISTD_H 1
#define HAVE_STDLIB_H 1
#define HAVE_MALLOC 1
#define HAVE_DLFCN_H 1
#define LT_OBJDIR ".libs/"

configure: exit 0
